[ 15.01.2018 - 23:38:32 ]
    (MSG) [2] in SMILExtract : openSMILE starting!
[ 15.01.2018 - 23:38:32 ]
    (MSG) [2] in SMILExtract : config file is: ../lib/opensmile/config/ComParE_2016_custom.conf
[ 15.01.2018 - 23:38:32 ]
    (MSG) [2] in cComponentManager : successfully registered 95 component types.
[ 15.01.2018 - 23:38:32 ]
    (MSG) [2] in instance 'lldsink' : No filename given, disabling this sink component.
[ 15.01.2018 - 23:38:32 ]
    (MSG) [2] in instance 'lldhtksink' : No filename given, disabling this sink component.
[ 15.01.2018 - 23:38:32 ]
    (MSG) [2] in instance 'lldarffsink' : No filename given, disabling this sink component.
[ 15.01.2018 - 23:38:32 ]
    (MSG) [2] in instance 'arffsink' : No filename given, disabling this sink component.
[ 15.01.2018 - 23:38:32 ]
    (MSG) [2] in instance 'htksink' : No filename given, disabling this sink component.
[ 15.01.2018 - 23:38:32 ]
    (MSG) [2] in cComponentManager : successfully finished createInstances
                                 (48 component instances were finalised, 1 data memories were finalised)
[ 15.01.2018 - 23:38:32 ]
    (MSG) [2] in cComponentManager : starting single thread processing loop
[ 15.01.2018 - 23:38:33 ]
    (MSG) [2] in cComponentManager : Processing finished! System ran for 79 ticks.
